TN:
SF:src/components/icon/svg.js
FN:1,(anonymous_0)
FN:13,(anonymous_1)
FN:15,(anonymous_2)
FN:19,(anonymous_3)
FN:26,(anonymous_4)
FN:30,e
FN:35,(anonymous_6)
FNF:7
FNH:4
FNDA:2,(anonymous_0)
FNDA:2,(anonymous_1)
FNDA:2,(anonymous_2)
FNDA:0,(anonymous_3)
FNDA:0,(anonymous_4)
FNDA:0,e
FNDA:2,(anonymous_6)
DA:1,2
DA:3,2
DA:4,2
DA:5,2
DA:6,0
DA:7,0
DA:8,0
DA:10,0
DA:13,2
DA:14,2
DA:15,2
DA:16,2
DA:18,2
DA:19,0
DA:20,0
DA:21,0
DA:23,0
DA:25,0
DA:27,0
DA:31,0
DA:37,2
LF:21
LH:10
BRDA:4,0,0,2
BRDA:4,0,1,2
BRDA:5,1,0,0
BRDA:5,1,1,2
BRDA:5,2,0,2
BRDA:5,2,1,0
BRDA:10,3,0,0
BRDA:10,3,1,0
BRDA:14,4,0,2
BRDA:14,4,1,0
BRDA:14,5,0,0
BRDA:14,5,1,2
BRDA:19,6,0,0
BRDA:19,6,1,0
BRDA:27,7,0,0
BRDA:27,7,1,0
BRDA:31,8,0,0
BRDA:31,8,1,0
BRDA:37,9,0,2
BRDA:37,9,1,2
BRDA:37,10,0,2
BRDA:37,10,1,0
BRF:22
BRH:9
end_of_record
